<?xml version="1.0" encoding="UTF-8"?>
<!-- Generated by org.testng.reporters.JUnitXMLReporter -->
<testsuite ignored="2" hostname="DESKTOP-1GGKMTQ" failures="1" tests="1" name="Default test(failed)" time="0.086" errors="0" timestamp="2022-12-29T18:12:40 IST">
  <testcase classname="com.testngtest.ITestCont" name="Test3" time="0.024">
    <failure type="java.lang.AssertionError" message="expected [false] but found [true]">
      <![CDATA[java.lang.AssertionError: expected [false] but found [true]
at com.testngtest.ITestCont.Test3(ITestCont.java:39)
at java.base/java.util.ArrayList.forEach(ArrayList.java:1541)
... Removed 31 stack frames]]>
    </failure>
  </testcase> <!-- Test3 -->
  <testcase classname="com.testngtest.ITestCont" name="laptopName" time="0.0">
    <ignored/>
  </testcase> <!-- laptopName -->
  <testcase classname="com.testngtest.ITestCont" name="LaptopModels" time="0.0">
    <ignored/>
  </testcase> <!-- LaptopModels -->
</testsuite> <!-- Default test(failed) -->
