<?xml version="1.0" encoding="UTF-8"?>
<!-- Generated by org.testng.reporters.JUnitXMLReporter -->
<testsuite hostname="USER-PC" ignored="0" name="Default test" tests="4" failures="0" timestamp="28 Dec 2017 06:14:02 GMT" time="218.433" errors="0">
  <testcase name="ExcelTests" time="33.07" classname="advance_selenium.Excel_Test"/>
  <testcase name="ExcelTests" time="34.233" classname="advance_selenium.Excel_Test"/>
  <testcase name="ExcelTests" time="27.372" classname="advance_selenium.Excel_Test"/>
  <testcase name="ExcelTests" time="29.154" classname="advance_selenium.Excel_Test"/>
</testsuite> <!-- Default test -->
