<?xml version="1.0" encoding="UTF-8"?>
<!-- Generated by org.testng.reporters.JUnitXMLReporter -->
<testsuite ignored="0" hostname="DESKTOP-1GGKMTQ" failures="0" tests="3" name="Test" time="0.109" errors="0" timestamp="2023-01-05T09:56:33 IST">
  <testcase classname="com.testngtest.ParallelExec" name="test2" time="0.014"/>
  <testcase classname="com.testngtest.ParallelExec" name="test1" time="0.014"/>
  <testcase classname="com.testngtest.ParallelExec" name="test3" time="0.002"/>
</testsuite> <!-- Test -->
