<?xml version="1.0" encoding="UTF-8"?>
<!-- Generated by org.testng.reporters.JUnitXMLReporter -->
<testsuite ignored="0" hostname="DESKTOP-1GGKMTQ" failures="0" tests="3" name="TestContext" time="0.072" errors="0" timestamp="2022-12-29T18:14:03 IST">
  <testcase classname="com.testngtest.ITestCont" name="laptopName" time="0.009"/>
  <testcase classname="com.testngtest.ITestCont" name="LaptopModels" time="0.002"/>
  <testcase classname="com.testngtest.ITestCont" name="Test3" time="0.003"/>
</testsuite> <!-- TestContext -->
