<?xml version="1.0" encoding="UTF-8"?>
<!-- Generated by org.testng.reporters.JUnitXMLReporter -->
<testsuite ignored="2" hostname="DESKTOP-1GGKMTQ" failures="0" tests="1" name="Default test(failed)(failed)" time="0.069" errors="0" timestamp="2022-12-29T18:13:03 IST">
  <testcase classname="com.testngtest.ITestCont" name="Test3" time="0.012"/>
  <testcase classname="com.testngtest.ITestCont" name="laptopName" time="0.0">
    <ignored/>
  </testcase> <!-- laptopName -->
  <testcase classname="com.testngtest.ITestCont" name="LaptopModels" time="0.0">
    <ignored/>
  </testcase> <!-- LaptopModels -->
</testsuite> <!-- Default test(failed)(failed) -->
