<?xml version="1.0" encoding="UTF-8"?>
<!-- Generated by org.testng.reporters.JUnitXMLReporter -->
<testsuite ignored="0" hostname="DESKTOP-1GGKMTQ" failures="1" tests="3" name="ListenerTest" time="0.119" errors="0" timestamp="2023-01-05T09:35:02 IST">
  <testcase classname="com.testngtest.TestListeners" name="test1" time="0.013"/>
  <testcase classname="com.testngtest.TestListeners" name="test2" time="0.022">
    <failure type="java.lang.AssertionError" message="expected [true] but found [false]">
      <![CDATA[java.lang.AssertionError: expected [true] but found [false]
at com.testngtest.TestListeners.test2(TestListeners.java:26)
at java.base/java.util.ArrayList.forEach(ArrayList.java:1541)
... Removed 31 stack frames]]>
    </failure>
  </testcase> <!-- test2 -->
  <testcase classname="com.testngtest.TestListeners" name="test3" time="0.0">
    <skipped/>
  </testcase> <!-- test3 -->
</testsuite> <!-- ListenerTest -->
