<?xml version="1.0" encoding="UTF-8"?>
<!-- Generated by org.testng.reporters.JUnitXMLReporter -->
<testsuite ignored="0" hostname="DESKTOP-1GGKMTQ" failures="0" tests="3" name="MyLoginFuncTest" time="0.091" errors="0" timestamp="2022-12-29T19:44:12 IST">
  <testcase classname="com.testngtest.Reporting" name="test1" time="0.016"/>
  <testcase classname="com.testngtest.Reporting" name="test2" time="0.001"/>
  <testcase classname="com.testngtest.Reporting" name="test3" time="0.003"/>
</testsuite> <!-- MyLoginFuncTest -->
