<?xml version="1.0" encoding="UTF-8"?>
<testng-results skipped="0" failed="0" ignored="0" total="1" passed="1">
  <reporter-output>
  </reporter-output>
  <suite name="Default suite" duration-ms="37083" started-at="2017-12-24T12:10:55Z" finished-at="2017-12-24T12:11:32Z">
    <groups>
    </groups>
    <test name="Default test" duration-ms="37083" started-at="2017-12-24T12:10:55Z" finished-at="2017-12-24T12:11:32Z">
      <class name="fieldPractice.Tests">
        <test-method status="PASS" signature="start()[pri:0, instance:fieldPractice.Tests@50d0686]" name="start" is-config="true" duration-ms="33061" started-at="2017-12-24T17:40:55Z" finished-at="2017-12-24T17:41:28Z">
          <reporter-output>
          </reporter-output>
        </test-method> <!-- start -->
        <test-method status="PASS" signature="testing()[pri:1, instance:fieldPractice.Tests@50d0686]" name="testing" duration-ms="3799" started-at="2017-12-24T17:41:28Z" finished-at="2017-12-24T17:41:32Z">
          <reporter-output>
          </reporter-output>
        </test-method> <!-- testing -->
        <test-method status="PASS" signature="Close()[pri:0, instance:fieldPractice.Tests@50d0686]" name="Close" is-config="true" duration-ms="150" started-at="2017-12-24T17:41:32Z" finished-at="2017-12-24T17:41:32Z">
          <reporter-output>
          </reporter-output>
        </test-method> <!-- Close -->
      </class> <!-- fieldPractice.Tests -->
    </test> <!-- Default test -->
  </suite> <!-- Default suite -->
</testng-results>
