<?xml version="1.0" encoding="UTF-8"?>
<!-- Generated by org.testng.reporters.JUnitReportReporter -->
<testsuite skipped="0" hostname="USER-PC" name="advance_selenium.ExcelDataProviderTest" tests="3" failures="0" timestamp="27 Sep 2017 07:01:47 GMT" time="127.662" errors="0">
  <testcase name="ExcelTest1" time="22.168" classname="advance_selenium.ExcelDataProviderTest"/>
  <testcase name="ExcelTest1" time="80.603" classname="advance_selenium.ExcelDataProviderTest"/>
  <testcase name="ExcelTest1" time="24.891" classname="advance_selenium.ExcelDataProviderTest"/>
</testsuite> <!-- advance_selenium.ExcelDataProviderTest -->
