<?xml version="1.0" encoding="UTF-8"?>
<!-- Generated by org.testng.reporters.JUnitReportReporter -->
<testsuite skipped="2" hostname="USER-PC" name="fieldPractice.Datepicker" tests="3" failures="0" timestamp="12 Aug 2017 20:45:36 GMT" time="5.360" errors="0">
  <testcase name="SelectingDateAdvance" time="5.360" classname="fieldPractice.Datepicker"/>
  <testcase name="Advance" classname="fieldPractice.Datepicker">
    <skipped/>
  </testcase> <!-- Advance -->
  <testcase name="SelectingDateSimple" classname="fieldPractice.Datepicker">
    <skipped/>
  </testcase> <!-- SelectingDateSimple -->
</testsuite> <!-- fieldPractice.Datepicker -->
