<?xml version="1.0" encoding="UTF-8"?>
<!-- Generated by org.testng.reporters.JUnitReportReporter -->
<testsuite skipped="0" hostname="USER-PC" name="fieldPractice.Checkbox" tests="4" failures="0" timestamp="23 Dec 2017 13:21:05 GMT" time="92.737" errors="0">
  <testcase name="clickifnotticked" time="90.749" classname="fieldPractice.Checkbox"/>
  <testcase name="clickifticked" time="0.665" classname="fieldPractice.Checkbox"/>
  <testcase name="SelectAllcheckbox" time="0.981" classname="fieldPractice.Checkbox"/>
  <testcase name="selectdeselectcomin" time="0.342" classname="fieldPractice.Checkbox"/>
</testsuite> <!-- fieldPractice.Checkbox -->
