<?xml version="1.0" encoding="UTF-8"?>
<!-- Generated by org.testng.reporters.JUnitReportReporter -->
<testsuite skipped="0" hostname="USER-PC" name="fieldPractice.Checkbox" tests="4" failures="0" timestamp="23 Dec 2017 14:56:05 GMT" time="90.299" errors="0">
  <testcase name="clickifnotticked" time="88.444" classname="fieldPractice.Checkbox"/>
  <testcase name="clickifticked" time="0.386" classname="fieldPractice.Checkbox"/>
  <testcase name="SelectAllcheckbox" time="1.127" classname="fieldPractice.Checkbox"/>
  <testcase name="selectdeselectcomin" time="0.342" classname="fieldPractice.Checkbox"/>
</testsuite> <!-- fieldPractice.Checkbox -->
