<?xml version="1.0" encoding="UTF-8"?>
<!-- Generated by org.testng.reporters.JUnitReportReporter -->
<testsuite skipped="0" hostname="USER-PC" name="advance_selenium.Excel_Test" tests="4" failures="0" timestamp="06 Aug 2018 18:45:55 GMT" time="288.172" errors="0">
  <testcase name="ExcelTests" time="50.176" classname="advance_selenium.Excel_Test"/>
  <testcase name="ExcelTests" time="76.643" classname="advance_selenium.Excel_Test"/>
  <testcase name="ExcelTests" time="76.068" classname="advance_selenium.Excel_Test"/>
  <testcase name="ExcelTests" time="85.285" classname="advance_selenium.Excel_Test"/>
</testsuite> <!-- advance_selenium.Excel_Test -->
