<?xml version="1.0" encoding="UTF-8"?>
<!-- Generated by org.testng.reporters.JUnitReportReporter -->
<testsuite skipped="5" hostname="USER-PC" name="fieldPractice.DropdownBox" tests="6" failures="0" timestamp="04 Apr 2018 06:59:07 GMT" time="347.922" errors="1">
  <testcase name="Url" time="347.922" classname="fieldPractice.DropdownBox">
    <error type="org.openqa.selenium.TimeoutException" message="Timeout loading page after 300000ms
Build info: version: &#039;unknown&#039;, revision: &#039;unknown&#039;, time: &#039;unknown&#039;
System info: host: &#039;USER-PC&#039;, ip: &#039;192.168.43.114&#039;, os.name: &#039;Windows 7&#039;, os.arch: &#039;amd64&#039;, os.version: &#039;6.1&#039;, java.version: &#039;1.8.0_144&#039;
Driver info: org.openqa.selenium.firefox.FirefoxDriver
Capabilities [{moz:profile=C:\Users\USER\AppData\Local\Temp\rust_mozprofile.sOhocsklK8nk, rotatable=false, timeouts={implicit=0.0, pageLoad=300000.0, script=30000.0}, pageLoadStrategy=normal, moz:headless=false, platform=ANY, moz:accessibilityChecks=false, acceptInsecureCerts=false, browserVersion=57.0.1, platformVersion=6.1, moz:processID=2316.0, browserName=firefox, javascriptEnabled=true, platformName=windows_nt, moz:webdriverClick=false}]
Session ID: 6d36547f-9ba7-4547-8d87-80732ed87fe5">
      <![CDATA[org.openqa.selenium.TimeoutException: Timeout loading page after 300000msBuild info: version: 'unknown', revision: 'unknown', time: 'unknown'System info: host: 'USER-PC', ip: '192.168.43.114', os.name: 'Windows 7', os.arch: 'amd64', os.version: '6.1', java.version: '1.8.0_144'Driver info: org.openqa.selenium.firefox.FirefoxDriverCapabilities [{moz:profile=C:\Users\USER\AppData\Local\Temp\rust_mozprofile.sOhocsklK8nk, rotatable=false, timeouts={implicit=0.0, pageLoad=300000.0, script=30000.0}, pageLoadStrategy=normal, moz:headless=false, platform=ANY, moz:accessibilityChecks=false, acceptInsecureCerts=false, browserVersion=57.0.1, platformVersion=6.1, moz:processID=2316.0, browserName=firefox, javascriptEnabled=true, platformName=windows_nt, moz:webdriverClick=false}]Session ID: 6d36547f-9ba7-4547-8d87-80732ed87fe5at sun.reflect.NativeConstructorAccessorImpl.newInstance0(Native Method)at sun.reflect.NativeConstructorAccessorImpl.newInstance(Unknown Source)at sun.reflect.DelegatingConstructorAccessorImpl.newInstance(Unknown Source)at java.lang.reflect.Constructor.newInstance(Unknown Source)at org.openqa.selenium.remote.http.W3CHttpResponseCodec.createException(W3CHttpResponseCodec.java:150)at org.openqa.selenium.remote.http.W3CHttpResponseCodec.decode(W3CHttpResponseCodec.java:115)at org.openqa.selenium.remote.http.W3CHttpResponseCodec.decode(W3CHttpResponseCodec.java:45)at org.openqa.selenium.remote.HttpCommandExecutor.execute(HttpCommandExecutor.java:164)at org.openqa.selenium.remote.service.DriverCommandExecutor.execute(DriverCommandExecutor.java:82)at org.openqa.selenium.remote.RemoteWebDriver.execute(RemoteWebDriver.java:637)at org.openqa.selenium.remote.RemoteWebDriver.get(RemoteWebDriver.java:364)at fieldPractice.DropdownBox.Url(DropdownBox.java:21)at sun.reflect.NativeMethodAccessorImpl.invoke0(Native Method)at sun.reflect.NativeMethodAccessorImpl.invoke(Unknown Source)at sun.reflect.DelegatingMethodAccessorImpl.invoke(Unknown Source)at java.lang.reflect.Method.invoke(Unknown Source)at org.testng.internal.MethodInvocationHelper.invokeMethod(MethodInvocationHelper.java:124)at org.testng.internal.MethodInvocationHelper.invokeMethodConsideringTimeout(MethodInvocationHelper.java:59)at org.testng.internal.Invoker.invokeConfigurationMethod(Invoker.java:451)at org.testng.internal.Invoker.invokeConfigurations(Invoker.java:222)at org.testng.internal.Invoker.invokeConfigurations(Invoker.java:142)at org.testng.TestRunner.beforeRun(TestRunner.java:529)at org.testng.TestRunner.run(TestRunner.java:497)at org.testng.SuiteRunner.runTest(SuiteRunner.java:455)at org.testng.SuiteRunner.runSequentially(SuiteRunner.java:450)at org.testng.SuiteRunner.privateRun(SuiteRunner.java:415)at org.testng.SuiteRunner.run(SuiteRunner.java:364)at org.testng.SuiteRunnerWorker.runSuite(SuiteRunnerWorker.java:52)at org.testng.SuiteRunnerWorker.run(SuiteRunnerWorker.java:84)at org.testng.TestNG.runSuitesSequentially(TestNG.java:1187)at org.testng.TestNG.runSuitesLocally(TestNG.java:1116)at org.testng.TestNG.runSuites(TestNG.java:1028)at org.testng.TestNG.run(TestNG.java:996)at org.testng.remote.AbstractRemoteTestNG.run(AbstractRemoteTestNG.java:114)at org.testng.remote.RemoteTestNG.initAndRun(RemoteTestNG.java:251)at org.testng.remote.RemoteTestNG.main(RemoteTestNG.java:77)]]>
    </error>
  </testcase> <!-- Url -->
  <testcase name="AssertDropDownValues" time="0.000" classname="fieldPractice.DropdownBox">
    <skipped/>
  </testcase> <!-- AssertDropDownValues -->
  <testcase name="SelectValue" classname="fieldPractice.DropdownBox">
    <skipped/>
  </testcase> <!-- SelectValue -->
  <testcase name="SelectValuesbyLoop" classname="fieldPractice.DropdownBox">
    <skipped/>
  </testcase> <!-- SelectValuesbyLoop -->
  <testcase name="VerifyValues" classname="fieldPractice.DropdownBox">
    <skipped/>
  </testcase> <!-- VerifyValues -->
  <testcase name="Defaultvalue" classname="fieldPractice.DropdownBox">
    <skipped/>
  </testcase> <!-- Defaultvalue -->
</testsuite> <!-- fieldPractice.DropdownBox -->
