<?xml version="1.0" encoding="UTF-8"?>
<!-- Generated by org.testng.reporters.JUnitReportReporter -->
<testsuite skipped="1" hostname="USER-PC" name="advance_selenium.Tables" tests="2" failures="0" timestamp="23 Apr 2018 06:34:58 GMT" time="80.971" errors="0">
  <testcase name="selectCheckboxGridbyxpath" time="80.971" classname="advance_selenium.Tables"/>
  <testcase name="selectCheckboxGrid" classname="advance_selenium.Tables">
    <skipped/>
  </testcase> <!-- selectCheckboxGrid -->
</testsuite> <!-- advance_selenium.Tables -->
