<?xml version="1.0" encoding="UTF-8"?>
<!-- Generated by org.testng.reporters.JUnitReportReporter -->
<testsuite skipped="0" hostname="USER-PC" name="fieldPractice.DropdownBox" tests="5" failures="0" timestamp="12 Aug 2017 20:50:23 GMT" time="6.151" errors="0">
  <testcase name="Defaultvalue" time="2.082" classname="fieldPractice.DropdownBox"/>
  <testcase name="VerifyValues" time="0.444" classname="fieldPractice.DropdownBox"/>
  <testcase name="SelectValue" time="1.533" classname="fieldPractice.DropdownBox"/>
  <testcase name="SelectValuesbyLoop" time="1.123" classname="fieldPractice.DropdownBox"/>
  <testcase name="AssertDropDownValues" time="0.969" classname="fieldPractice.DropdownBox"/>
</testsuite> <!-- fieldPractice.DropdownBox -->
