<?xml version="1.0" encoding="UTF-8"?>
<!-- Generated by org.testng.reporters.JUnitReportReporter -->
<testsuite skipped="0" hostname="USER-PC" name="advance_selenium.Excel_Test" tests="4" failures="0" timestamp="28 Dec 2017 06:14:03 GMT" time="217.026" errors="0">
  <testcase name="ExcelTests" time="50.838" classname="advance_selenium.Excel_Test"/>
  <testcase name="ExcelTests" time="46.144" classname="advance_selenium.Excel_Test"/>
  <testcase name="ExcelTests" time="46.275" classname="advance_selenium.Excel_Test"/>
  <testcase name="ExcelTests" time="73.769" classname="advance_selenium.Excel_Test"/>
</testsuite> <!-- advance_selenium.Excel_Test -->
