<?xml version="1.0" encoding="UTF-8"?>
<!-- Generated by org.testng.reporters.JUnitXMLReporter -->
<testsuite ignored="1" hostname="DESKTOP-1GGKMTQ" failures="0" tests="2" name="MyLoginFuncTest(failed)" time="0.067" errors="0" timestamp="2022-12-29T19:37:29 IST">
  <testcase classname="com.testngtest.Reporting" name="test2" time="0.01"/>
  <testcase classname="com.testngtest.Reporting" name="test3" time="0.001"/>
  <testcase classname="com.testngtest.Reporting" name="test1" time="0.0">
    <ignored/>
  </testcase> <!-- test1 -->
</testsuite> <!-- MyLoginFuncTest(failed) -->
